<?xml version="1.0" encoding="UTF-8"?>
<!-- Generated by org.testng.reporters.JUnitReportReporter -->
<testsuite hostname="LAPTOP-9LDG201L" failures="0" tests="3" name="ApiTests.PetstoreOrders" time="1.443" errors="0" timestamp="09 May 2022 13:47:01 GMT" skipped="0">
  <testcase classname="ApiTests.PetstoreOrders" name="PlaceOrder" time="0.485"/>
  <testcase classname="ApiTests.PetstoreOrders" name="DeleteOrder" time="0.480"/>
  <testcase classname="ApiTests.PetstoreOrders" name="LookupOrder" time="0.478"/>
</testsuite> <!-- ApiTests.PetstoreOrders -->
