<?xml version="1.0" encoding="UTF-8"?>
<!-- Generated by org.testng.reporters.JUnitReportReporter -->
<testsuite hostname="LAPTOP-9LDG201L" failures="0" tests="3" name="ApiTests.EverythingAboutYourPet" time="3.860" errors="0" timestamp="09 May 2022 13:47:01 GMT" skipped="0">
  <testcase classname="ApiTests.EverythingAboutYourPet" name="EditPetDetails" time="0.504"/>
  <testcase classname="ApiTests.EverythingAboutYourPet" name="AddPetToPetstore" time="2.857"/>
  <testcase classname="ApiTests.EverythingAboutYourPet" name="DeletePetFromStore" time="0.499"/>
</testsuite> <!-- ApiTests.EverythingAboutYourPet -->
