<?xml version="1.0" encoding="UTF-8"?>
<!-- Generated by org.testng.reporters.JUnitReportReporter -->
<testsuite hostname="LAPTOP-9LDG201L" failures="0" tests="3" name="ApiTests.UserOperations" time="1.467" errors="0" timestamp="09 May 2022 13:47:01 GMT" skipped="0">
  <testcase classname="ApiTests.UserOperations" name="DeletePetstoreUser" time="0.509"/>
  <testcase classname="ApiTests.UserOperations" name="UpdatePetstoreUserDetails" time="0.480"/>
  <testcase classname="ApiTests.UserOperations" name="CreateNewUser" time="0.478"/>
</testsuite> <!-- ApiTests.UserOperations -->
